<?xml version="1.0" encoding="UTF-8"?>
<!-- Generated by org.testng.reporters.JUnitReportReporter -->
<testsuite hostname="Ankitverma" failures="0" tests="1" name="webElementHandlingWithTestNG.AlertHandlingDemo2" time="15.006" errors="0" timestamp="2024-09-18T21:19:14 IST" skipped="0">
  <testcase classname="webElementHandlingWithTestNG.AlertHandlingDemo2" name="alertTest" time="15.006"/>
  <system-out/>
</testsuite> <!-- webElementHandlingWithTestNG.AlertHandlingDemo2 -->
