<?xml version="1.0" encoding="UTF-8"?>
<!-- Generated by org.testng.reporters.JUnitReportReporter -->
<testsuite hostname="Ankitverma" failures="0" tests="1" name="webElementHandlingWithTestNG.AuthenticationAlert" time="10.970" errors="0" timestamp="2024-09-09T21:13:36 IST" skipped="0">
  <testcase classname="webElementHandlingWithTestNG.AuthenticationAlert" name="authAlertTest" time="10.970"/>
  <system-out/>
</testsuite> <!-- webElementHandlingWithTestNG.AuthenticationAlert -->
