<?xml version="1.0" encoding="UTF-8"?>
<!-- Generated by org.testng.reporters.JUnitReportReporter -->
<testsuite hostname="Ankitverma" failures="0" tests="1" name="webElementHandlingWithTestNG.IFrameDemo" time="20.246" errors="0" timestamp="2024-10-01T21:17:52 IST" skipped="0">
  <testcase classname="webElementHandlingWithTestNG.IFrameDemo" name="frameTest" time="20.246"/>
  <system-out/>
</testsuite> <!-- webElementHandlingWithTestNG.IFrameDemo -->
