<?xml version="1.0" encoding="UTF-8"?>
<!-- Generated by org.testng.reporters.JUnitReportReporter -->
<testsuite hostname="Ankitverma" failures="0" tests="1" name="webElementHandlingWithTestNG.MultipleWindowHandling" time="24.676" errors="0" timestamp="2024-09-18T21:21:26 IST" skipped="0">
  <testcase classname="webElementHandlingWithTestNG.MultipleWindowHandling" name="windowHandlingTest" time="24.676"/>
  <system-out/>
</testsuite> <!-- webElementHandlingWithTestNG.MultipleWindowHandling -->
