<?xml version="1.0" encoding="UTF-8"?>
<!-- Generated by org.testng.reporters.JUnitReportReporter -->
<testsuite hostname="Ankitverma" failures="0" tests="1" name="takeScreenshot.FlipkartScreenshot" time="9.082" errors="0" timestamp="2024-09-26T23:16:44 IST" skipped="0">
  <testcase classname="takeScreenshot.FlipkartScreenshot" name="testCapture" time="9.082"/>
  <system-out/>
</testsuite> <!-- takeScreenshot.FlipkartScreenshot -->
