<?xml version="1.0" encoding="UTF-8"?>
<!-- Generated by org.testng.reporters.JUnitReportReporter -->
<testsuite hostname="Ankitverma" failures="0" tests="1" name="takeScreenshot.ScreenshotDemo" time="6.407" errors="0" timestamp="2024-09-26T22:11:54 IST" skipped="0">
  <testcase classname="takeScreenshot.ScreenshotDemo" name="testCapture" time="6.407"/>
  <system-out/>
</testsuite> <!-- takeScreenshot.ScreenshotDemo -->
