<?xml version="1.0" encoding="UTF-8"?>
<!-- Generated by org.testng.reporters.JUnitReportReporter -->
<testsuite hostname="Ankitverma" failures="0" tests="1" name="webElementHandlingWithTestNG.RedBusCalendar" time="12.226" errors="0" timestamp="2024-09-03T22:43:51 IST" skipped="0">
  <testcase classname="webElementHandlingWithTestNG.RedBusCalendar" name="datePickerTest" time="12.226"/>
  <system-out/>
</testsuite> <!-- webElementHandlingWithTestNG.RedBusCalendar -->
